0 info it worked if it ends with ok
1 verbose cli [ '/Users/bdevaublanc/.nvm/versions/node/v6.3.0/bin/node',
1 verbose cli   '/Users/bdevaublanc/.nvm/versions/node/v6.3.0/bin/npm',
1 verbose cli   'run',
1 verbose cli   'report-coverage' ]
2 info using npm@3.10.3
3 info using node@v6.3.0
4 verbose run-script [ 'prereport-coverage',
4 verbose run-script   'report-coverage',
4 verbose run-script   'postreport-coverage' ]
5 info lifecycle react-player-ui@0.0.0-semantically-rleased~prereport-coverage: react-player-ui@0.0.0-semantically-rleased
6 silly lifecycle react-player-ui@0.0.0-semantically-rleased~prereport-coverage: no script for prereport-coverage, continuing
7 info lifecycle react-player-ui@0.0.0-semantically-rleased~report-coverage: react-player-ui@0.0.0-semantically-rleased
8 verbose lifecycle react-player-ui@0.0.0-semantically-rleased~report-coverage: unsafe-perm in lifecycle true
9 verbose lifecycle react-player-ui@0.0.0-semantically-rleased~report-coverage: PATH: /Users/bdevaublanc/.nvm/versions/node/v6.3.0/lib/node_modules/npm/bin/node-gyp-bin:/Users/bdevaublanc/Github/react-player-ui/node_modules/.bin:/Users/bdevaublanc/.nvm/versions/node/v6.3.0/bin:/Users/bdevaublanc/.nvm/versions/node/v6.3.0/bin:/usr/local/bin:/usr/local/sbin:/usr/local/bin:/usr/bin:/bin:/usr/sbin:/sbin:/Users/bdevaublanc/Library/Android/sdk/platform-tools
10 verbose lifecycle react-player-ui@0.0.0-semantically-rleased~report-coverage: CWD: /Users/bdevaublanc/Github/react-player-ui
11 silly lifecycle react-player-ui@0.0.0-semantically-rleased~report-coverage: Args: [ '-c', 'cat ./coverage/Icov.info | codecov' ]
12 silly lifecycle react-player-ui@0.0.0-semantically-rleased~report-coverage: Returned: code: 1  signal: null
13 info lifecycle react-player-ui@0.0.0-semantically-rleased~report-coverage: Failed to exec report-coverage script
14 verbose stack Error: react-player-ui@0.0.0-semantically-rleased report-coverage: `cat ./coverage/Icov.info | codecov`
14 verbose stack Exit status 1
14 verbose stack     at EventEmitter.<anonymous> (/Users/bdevaublanc/.nvm/versions/node/v6.3.0/lib/node_modules/npm/lib/utils/lifecycle.js:242:16)
14 verbose stack     at emitTwo (events.js:106:13)
14 verbose stack     at EventEmitter.emit (events.js:191:7)
14 verbose stack     at ChildProcess.<anonymous> (/Users/bdevaublanc/.nvm/versions/node/v6.3.0/lib/node_modules/npm/lib/utils/spawn.js:40:14)
14 verbose stack     at emitTwo (events.js:106:13)
14 verbose stack     at ChildProcess.emit (events.js:191:7)
14 verbose stack     at maybeClose (internal/child_process.js:852:16)
14 verbose stack     at Process.ChildProcess._handle.onexit (internal/child_process.js:215:5)
15 verbose pkgid react-player-ui@0.0.0-semantically-rleased
16 verbose cwd /Users/bdevaublanc/Github/react-player-ui
17 error Darwin 15.6.0
18 error argv "/Users/bdevaublanc/.nvm/versions/node/v6.3.0/bin/node" "/Users/bdevaublanc/.nvm/versions/node/v6.3.0/bin/npm" "run" "report-coverage"
19 error node v6.3.0
20 error npm  v3.10.3
21 error code ELIFECYCLE
22 error react-player-ui@0.0.0-semantically-rleased report-coverage: `cat ./coverage/Icov.info | codecov`
22 error Exit status 1
23 error Failed at the react-player-ui@0.0.0-semantically-rleased report-coverage script 'cat ./coverage/Icov.info | codecov'.
23 error Make sure you have the latest version of node.js and npm installed.
23 error If you do, this is most likely a problem with the react-player-ui package,
23 error not with npm itself.
23 error Tell the author that this fails on your system:
23 error     cat ./coverage/Icov.info | codecov
23 error You can get information on how to open an issue for this project with:
23 error     npm bugs react-player-ui
23 error Or if that isn't available, you can get their info via:
23 error     npm owner ls react-player-ui
23 error There is likely additional logging output above.
24 verbose exit [ 1, true ]
